<?xml version="1.0" encoding="UTF-8"?>
<testng-results skipped="0" failed="0" ignored="95" total="96" passed="1">
  <reporter-output>
  </reporter-output>
  <suite name="Suite" duration-ms="648022" started-at="2020-06-12T12:03:39Z" finished-at="2020-06-12T12:14:27Z">
    <groups>
      <group name="Ratikanta_Sprint1_REQ_572_1">
        <method signature="QCStore.QC_Sprint_B20_184_1_Txn_Testdata()[pri:56, instance:tests.QCStore@56235b8e]" name="QC_Sprint_B20_184_1_Txn_Testdata" class="tests.QCStore"/>
      </group> <!-- Ratikanta_Sprint1_REQ_572_1 -->
    </groups>
    <test name="Test" duration-ms="648022" started-at="2020-06-12T12:03:39Z" finished-at="2020-06-12T12:14:27Z">
      <class name="tests.QCStore">
        <test-method status="PASS" signature="setup()[pri:0, instance:tests.QCStore@56235b8e]" name="setup" is-config="true" duration-ms="89" started-at="2020-06-12T12:03:39Z" finished-at="2020-06-12T12:03:39Z">
          <reporter-output>
          </reporter-output>
        </test-method> <!-- setup -->
        <test-method status="PASS" signature="killProcess()[pri:0, instance:tests.QCStore@56235b8e]" name="killProcess" is-config="true" duration-ms="5033" started-at="2020-06-12T12:03:39Z" finished-at="2020-06-12T12:03:44Z">
          <reporter-output>
          </reporter-output>
        </test-method> <!-- killProcess -->
        <test-method status="PASS" signature="QC_Sprint_B20_184_1_Txn_Testdata()[pri:56, instance:tests.QCStore@56235b8e]" name="QC_Sprint_B20_184_1_Txn_Testdata" duration-ms="642138" started-at="2020-06-12T12:03:44Z" finished-at="2020-06-12T12:14:26Z">
          <reporter-output>
          </reporter-output>
        </test-method> <!-- QC_Sprint_B20_184_1_Txn_Testdata -->
        <test-method status="PASS" signature="endReport()[pri:0, instance:tests.QCStore@56235b8e]" name="endReport" is-config="true" duration-ms="0" started-at="2020-06-12T12:14:26Z" finished-at="2020-06-12T12:14:26Z">
          <reporter-output>
          </reporter-output>
        </test-method> <!-- endReport -->
        <test-method status="PASS" signature="getResult(org.testng.ITestResult)[pri:0, instance:tests.QCStore@56235b8e]" name="getResult" is-config="true" duration-ms="749" started-at="2020-06-12T12:14:26Z" finished-at="2020-06-12T12:14:27Z">
          <params>
            <param index="0">
              <value>
                <![CDATA[[TestResult name=QC_Sprint_B20_184_1_Txn_Testdata status=SUCCESS method=QCStore.QC_Sprint_B20_184_1_Txn_Testdata()[pri:56, instance:tests.QCStore@56235b8e] output={null}]]]>
              </value>
            </param>
          </params>
          <reporter-output>
          </reporter-output>
        </test-method> <!-- getResult -->
      </class> <!-- tests.QCStore -->
    </test> <!-- Test -->
  </suite> <!-- Suite -->
</testng-results>
