<?xml version="1.0" encoding="UTF-8"?>
<!-- Generated by org.testng.reporters.JUnitXMLReporter -->
<testsuite hostname="QTLSYS0-225" ignored="4" name="Test" tests="1" failures="0" timestamp="08 May 2020 08:33:24 GMT" time="595.086" errors="0">
  <testcase name="QC_Sprint_Online_WIILP_DC_ACH_Txn_Testdata" time="579.053" classname="tests.QCStore"/>
  <testcase name="QC_Sprint_Online_MOILP_ACH_CashAtStore_Txn_Testdata" time="0.0" classname="tests.QCStore">
    <ignored/>
  </testcase> <!-- QC_Sprint_Online_MOILP_ACH_CashAtStore_Txn_Testdata -->
  <testcase name="QC_Sprint_Online_MOILP_DC_ACH_Txn_Testdata" time="0.0" classname="tests.QCStore">
    <ignored/>
  </testcase> <!-- QC_Sprint_Online_MOILP_DC_ACH_Txn_Testdata -->
  <testcase name="QC_Sprint_Online_MOILP_ACH_Txn_Testdata" time="0.0" classname="tests.QCStore">
    <ignored/>
  </testcase> <!-- QC_Sprint_Online_MOILP_ACH_Txn_Testdata -->
  <testcase name="QC_Sprint_Online_MOILP_DC_ACH_CashAtStore_Txn_Testdata" time="0.0" classname="tests.QCStore">
    <ignored/>
  </testcase> <!-- QC_Sprint_Online_MOILP_DC_ACH_CashAtStore_Txn_Testdata -->
</testsuite> <!-- Test -->
