<?xml version="1.0" encoding="UTF-8"?>
<testng-results skipped="0" failed="0" ignored="34" total="35" passed="1">
  <reporter-output>
  </reporter-output>
  <suite name="Suite" duration-ms="271545" started-at="2020-04-30T20:41:07Z" finished-at="2020-04-30T20:45:39Z">
    <groups>
      <group name="Anoop_st_down">
        <method signature="QCStore.TLP_RefinanceStepDown()[pri:310, instance:tests.QCStore@56235b8e]" name="TLP_RefinanceStepDown" class="tests.QCStore"/>
      </group> <!-- Anoop_st_down -->
    </groups>
    <test name="Test" duration-ms="271545" started-at="2020-04-30T20:41:07Z" finished-at="2020-04-30T20:45:39Z">
      <class name="tests.QCStore">
        <test-method status="PASS" signature="setup()[pri:0, instance:tests.QCStore@56235b8e]" name="setup" is-config="true" duration-ms="83" started-at="2020-04-30T20:41:07Z" finished-at="2020-04-30T20:41:07Z">
          <reporter-output>
          </reporter-output>
        </test-method> <!-- setup -->
        <test-method status="PASS" signature="killProcess()[pri:0, instance:tests.QCStore@56235b8e]" name="killProcess" is-config="true" duration-ms="1014" started-at="2020-04-30T20:41:07Z" finished-at="2020-04-30T20:41:08Z">
          <reporter-output>
          </reporter-output>
        </test-method> <!-- killProcess -->
        <test-method status="PASS" signature="TLP_RefinanceStepDown()[pri:310, instance:tests.QCStore@56235b8e]" name="TLP_RefinanceStepDown" duration-ms="269696" started-at="2020-04-30T20:41:08Z" finished-at="2020-04-30T20:45:38Z">
          <reporter-output>
          </reporter-output>
        </test-method> <!-- TLP_RefinanceStepDown -->
        <test-method status="PASS" signature="getResult(org.testng.ITestResult)[pri:0, instance:tests.QCStore@56235b8e]" name="getResult" is-config="true" duration-ms="739" started-at="2020-04-30T20:45:38Z" finished-at="2020-04-30T20:45:39Z">
          <params>
            <param index="0">
              <value>
                <![CDATA[[TestResult name=TLP_RefinanceStepDown status=SUCCESS method=QCStore.TLP_RefinanceStepDown()[pri:310, instance:tests.QCStore@56235b8e] output={null}]]]>
              </value>
            </param>
          </params>
          <reporter-output>
          </reporter-output>
        </test-method> <!-- getResult -->
        <test-method status="PASS" signature="endReport()[pri:0, instance:tests.QCStore@56235b8e]" name="endReport" is-config="true" duration-ms="0" started-at="2020-04-30T20:45:38Z" finished-at="2020-04-30T20:45:38Z">
          <reporter-output>
          </reporter-output>
        </test-method> <!-- endReport -->
      </class> <!-- tests.QCStore -->
    </test> <!-- Test -->
  </suite> <!-- Suite -->
</testng-results>
