<?xml version="1.0" encoding="UTF-8"?>
<!-- Generated by org.testng.reporters.JUnitXMLReporter -->
<testsuite hostname="QTLSYS0-225" ignored="3" name="Test" tests="1" failures="0" timestamp="07 May 2020 09:06:24 GMT" time="59.056" errors="0">
  <testcase name="QC_Sprint_Online_MOPDL_DC_CashAtStore_Txn_Testdata" time="43.342" classname="tests.QCStore"/>
  <testcase name="QC_Sprint_Online_MOPDL_ACH_CashAtStore_Txn_Testdata" time="0.0" classname="tests.QCStore">
    <ignored/>
  </testcase> <!-- QC_Sprint_Online_MOPDL_ACH_CashAtStore_Txn_Testdata -->
  <testcase name="QC_Sprint_Online_MOPDL_DC_ACH_Txn_Testdata" time="0.0" classname="tests.QCStore">
    <ignored/>
  </testcase> <!-- QC_Sprint_Online_MOPDL_DC_ACH_Txn_Testdata -->
  <testcase name="QC_Sprint_Online_MOPDL_ACH_Txn_Testdata" time="0.0" classname="tests.QCStore">
    <ignored/>
  </testcase> <!-- QC_Sprint_Online_MOPDL_ACH_Txn_Testdata -->
</testsuite> <!-- Test -->
