<?xml version="1.0" encoding="UTF-8"?>
<!-- Generated by org.testng.reporters.JUnitXMLReporter -->
<testsuite hostname="QTLSYS0-225" ignored="60" name="Test" tests="1" failures="0" timestamp="17 Mar 2020 13:17:52 GMT" time="110.169" errors="0">
  <testcase name="QC_Sprint2_QF_601_TS_086_Txn_Testdata" time="104.36" classname="tests.QCStore"/>
  <testcase name="QC_Sprint_B20_179_1_Txn_Testdata" time="0.0" classname="tests.QCStore">
    <ignored/>
  </testcase> <!-- QC_Sprint_B20_179_1_Txn_Testdata -->
  <testcase name="QC_Sprint_B20_153_1_Txn_Testdata" time="0.0" classname="tests.QCStore">
    <ignored/>
  </testcase> <!-- QC_Sprint_B20_153_1_Txn_Testdata -->
  <testcase name="QC_Sprint_B20_182_2_Txn_Testdata" time="0.0" classname="tests.QCStore">
    <ignored/>
  </testcase> <!-- QC_Sprint_B20_182_2_Txn_Testdata -->
  <testcase name="QC_Sprint_B20_154_13_Txn_Testdata" time="0.0" classname="tests.QCStore">
    <ignored/>
  </testcase> <!-- QC_Sprint_B20_154_13_Txn_Testdata -->
  <testcase name="QC_Sprint_B20_178_4_Txn_Testdata" time="0.0" classname="tests.QCStore">
    <ignored/>
  </testcase> <!-- QC_Sprint_B20_178_4_Txn_Testdata -->
  <testcase name="QC_Sprint_B20_178_2_Txn_Testdata" time="0.0" classname="tests.QCStore">
    <ignored/>
  </testcase> <!-- QC_Sprint_B20_178_2_Txn_Testdata -->
  <testcase name="QC_Sprint_B20_182_6_Txn_Testdata" time="0.0" classname="tests.QCStore">
    <ignored/>
  </testcase> <!-- QC_Sprint_B20_182_6_Txn_Testdata -->
  <testcase name="QC_Sprint_B20_154_11_Txn_Testdata" time="0.0" classname="tests.QCStore">
    <ignored/>
  </testcase> <!-- QC_Sprint_B20_154_11_Txn_Testdata -->
  <testcase name="QC_Sprint_B20_152_4_Txn_Testdata" time="0.0" classname="tests.QCStore">
    <ignored/>
  </testcase> <!-- QC_Sprint_B20_152_4_Txn_Testdata -->
  <testcase name="QC_Sprint_B20_183_1_Txn_Testdata" time="0.0" classname="tests.QCStore">
    <ignored/>
  </testcase> <!-- QC_Sprint_B20_183_1_Txn_Testdata -->
  <testcase name="QC_Sprint_B20_151_7_Txn_Testdata" time="0.0" classname="tests.QCStore">
    <ignored/>
  </testcase> <!-- QC_Sprint_B20_151_7_Txn_Testdata -->
  <testcase name="QC_Sprint_B20_151_5_Txn_Testdata" time="0.0" classname="tests.QCStore">
    <ignored/>
  </testcase> <!-- QC_Sprint_B20_151_5_Txn_Testdata -->
  <testcase name="QC_Sprint_B20_181_1_Txn_Testdata" time="0.0" classname="tests.QCStore">
    <ignored/>
  </testcase> <!-- QC_Sprint_B20_181_1_Txn_Testdata -->
  <testcase name="QC_Sprint_B20_181_3_Txn_Testdata" time="0.0" classname="tests.QCStore">
    <ignored/>
  </testcase> <!-- QC_Sprint_B20_181_3_Txn_Testdata -->
  <testcase name="QC_Sprint_B20_152_2_Txn_Testdata" time="0.0" classname="tests.QCStore">
    <ignored/>
  </testcase> <!-- QC_Sprint_B20_152_2_Txn_Testdata -->
  <testcase name="QC_Sprint_B20_154_8_Txn_Testdata" time="0.0" classname="tests.QCStore">
    <ignored/>
  </testcase> <!-- QC_Sprint_B20_154_8_Txn_Testdata -->
  <testcase name="QC_Sprint_B20_181_7_Txn_Testdata" time="0.0" classname="tests.QCStore">
    <ignored/>
  </testcase> <!-- QC_Sprint_B20_181_7_Txn_Testdata -->
  <testcase name="QC_Sprint_B20_151_3_Txn_Testdata" time="0.0" classname="tests.QCStore">
    <ignored/>
  </testcase> <!-- QC_Sprint_B20_151_3_Txn_Testdata -->
  <testcase name="QC_Sprint_B20_180_1_Txn_Testdata" time="0.0" classname="tests.QCStore">
    <ignored/>
  </testcase> <!-- QC_Sprint_B20_180_1_Txn_Testdata -->
  <testcase name="QC_Sprint_B20_180_2_Txn_Testdata" time="0.0" classname="tests.QCStore">
    <ignored/>
  </testcase> <!-- QC_Sprint_B20_180_2_Txn_Testdata -->
  <testcase name="QC_Sprint_B20_180_6_Txn_Testdata" time="0.0" classname="tests.QCStore">
    <ignored/>
  </testcase> <!-- QC_Sprint_B20_180_6_Txn_Testdata -->
  <testcase name="QC_Sprint_B20_154_9_Txn_Testdata" time="0.0" classname="tests.QCStore">
    <ignored/>
  </testcase> <!-- QC_Sprint_B20_154_9_Txn_Testdata -->
  <testcase name="QC_Sprint_B20_151_1_Txn_Testdata" time="0.0" classname="tests.QCStore">
    <ignored/>
  </testcase> <!-- QC_Sprint_B20_151_1_Txn_Testdata -->
  <testcase name="QC_Sprint_B20_180_3_Txn_Testdata" time="0.0" classname="tests.QCStore">
    <ignored/>
  </testcase> <!-- QC_Sprint_B20_180_3_Txn_Testdata -->
  <testcase name="QC_Sprint_B20_179_6_Txn_Testdata" time="0.0" classname="tests.QCStore">
    <ignored/>
  </testcase> <!-- QC_Sprint_B20_179_6_Txn_Testdata -->
  <testcase name="QC_Sprint_B20_182_3_Txn_Testdata" time="0.0" classname="tests.QCStore">
    <ignored/>
  </testcase> <!-- QC_Sprint_B20_182_3_Txn_Testdata -->
  <testcase name="QC_Sprint_B20_182_1_Txn_Testdata" time="0.0" classname="tests.QCStore">
    <ignored/>
  </testcase> <!-- QC_Sprint_B20_182_1_Txn_Testdata -->
  <testcase name="QC_Sprint_B20_179_2_Txn_Testdata" time="0.0" classname="tests.QCStore">
    <ignored/>
  </testcase> <!-- QC_Sprint_B20_179_2_Txn_Testdata -->
  <testcase name="QC_Sprint_B20_152_3_Txn_Testdata" time="0.0" classname="tests.QCStore">
    <ignored/>
  </testcase> <!-- QC_Sprint_B20_152_3_Txn_Testdata -->
  <testcase name="QC_Sprint_B20_178_3_Txn_Testdata" time="0.0" classname="tests.QCStore">
    <ignored/>
  </testcase> <!-- QC_Sprint_B20_178_3_Txn_Testdata -->
  <testcase name="QC_Sprint_B20_153_2_Txn_Testdata" time="0.0" classname="tests.QCStore">
    <ignored/>
  </testcase> <!-- QC_Sprint_B20_153_2_Txn_Testdata -->
  <testcase name="QC_Sprint_B20_154_10_Txn_Testdata" time="0.0" classname="tests.QCStore">
    <ignored/>
  </testcase> <!-- QC_Sprint_B20_154_10_Txn_Testdata -->
  <testcase name="QC_Sprint_B20_181_2_Txn_Testdata" time="0.0" classname="tests.QCStore">
    <ignored/>
  </testcase> <!-- QC_Sprint_B20_181_2_Txn_Testdata -->
  <testcase name="QC_Sprint_B20_178_1_Txn_Testdata" time="0.0" classname="tests.QCStore">
    <ignored/>
  </testcase> <!-- QC_Sprint_B20_178_1_Txn_Testdata -->
  <testcase name="QC_Sprint_B20_151_4_Txn_Testdata" time="0.0" classname="tests.QCStore">
    <ignored/>
  </testcase> <!-- QC_Sprint_B20_151_4_Txn_Testdata -->
  <testcase name="QC_Sprint_B20_154_7_Txn_Testdata" time="0.0" classname="tests.QCStore">
    <ignored/>
  </testcase> <!-- QC_Sprint_B20_154_7_Txn_Testdata -->
  <testcase name="QC_Sprint_B20_151_6_Txn_Testdata" time="0.0" classname="tests.QCStore">
    <ignored/>
  </testcase> <!-- QC_Sprint_B20_151_6_Txn_Testdata -->
  <testcase name="QC_Sprint_B20_152_1_Txn_Testdata" time="0.0" classname="tests.QCStore">
    <ignored/>
  </testcase> <!-- QC_Sprint_B20_152_1_Txn_Testdata -->
  <testcase name="QC_Sprint_B20_151_2_Txn_Testdata" time="0.0" classname="tests.QCStore">
    <ignored/>
  </testcase> <!-- QC_Sprint_B20_151_2_Txn_Testdata -->
  <testcase name="QC_Sprint_B20_184_4_Txn_Testdata" time="0.0" classname="tests.QCStore">
    <ignored/>
  </testcase> <!-- QC_Sprint_B20_184_4_Txn_Testdata -->
  <testcase name="QC_Sprint_B20_184_6_Txn_Testdata" time="0.0" classname="tests.QCStore">
    <ignored/>
  </testcase> <!-- QC_Sprint_B20_184_6_Txn_Testdata -->
  <testcase name="QC_Sprint_B20_184_5_Txn_Testdata" time="0.0" classname="tests.QCStore">
    <ignored/>
  </testcase> <!-- QC_Sprint_B20_184_5_Txn_Testdata -->
  <testcase name="QC_Sprint_B20_154_16_Txn_Testdata" time="0.0" classname="tests.QCStore">
    <ignored/>
  </testcase> <!-- QC_Sprint_B20_154_16_Txn_Testdata -->
  <testcase name="QC_Sprint_B20_183_6_Txn_Testdata" time="0.0" classname="tests.QCStore">
    <ignored/>
  </testcase> <!-- QC_Sprint_B20_183_6_Txn_Testdata -->
  <testcase name="QC_Sprint_B20_178_5_Txn_Testdata" time="0.0" classname="tests.QCStore">
    <ignored/>
  </testcase> <!-- QC_Sprint_B20_178_5_Txn_Testdata -->
  <testcase name="QC_Sprint_B20_184_2_Txn_Testdata" time="0.0" classname="tests.QCStore">
    <ignored/>
  </testcase> <!-- QC_Sprint_B20_184_2_Txn_Testdata -->
  <testcase name="QC_Sprint_B20_154_18_Txn_Testdata" time="0.0" classname="tests.QCStore">
    <ignored/>
  </testcase> <!-- QC_Sprint_B20_154_18_Txn_Testdata -->
  <testcase name="QC_Sprint_B20_154_2_Txn_Testdata" time="0.0" classname="tests.QCStore">
    <ignored/>
  </testcase> <!-- QC_Sprint_B20_154_2_Txn_Testdata -->
  <testcase name="QC_Sprint_B20_183_2_Txn_Testdata" time="0.0" classname="tests.QCStore">
    <ignored/>
  </testcase> <!-- QC_Sprint_B20_183_2_Txn_Testdata -->
  <testcase name="QC_Sprint_B20_153_5_Txn_Testdata" time="0.0" classname="tests.QCStore">
    <ignored/>
  </testcase> <!-- QC_Sprint_B20_153_5_Txn_Testdata -->
  <testcase name="QC_Sprint_B20_183_3_Txn_Testdata" time="0.0" classname="tests.QCStore">
    <ignored/>
  </testcase> <!-- QC_Sprint_B20_183_3_Txn_Testdata -->
  <testcase name="QC_Sprint_B20_154_14_Txn_Testdata" time="0.0" classname="tests.QCStore">
    <ignored/>
  </testcase> <!-- QC_Sprint_B20_154_14_Txn_Testdata -->
  <testcase name="QC_Sprint_B20_153_3_Txn_Testdata" time="0.0" classname="tests.QCStore">
    <ignored/>
  </testcase> <!-- QC_Sprint_B20_153_3_Txn_Testdata -->
  <testcase name="QC_Sprint_B20_184_1_Txn_Testdata" time="0.0" classname="tests.QCStore">
    <ignored/>
  </testcase> <!-- QC_Sprint_B20_184_1_Txn_Testdata -->
  <testcase name="QC_Sprint_B20_154_15_Txn_Testdata" time="0.0" classname="tests.QCStore">
    <ignored/>
  </testcase> <!-- QC_Sprint_B20_154_15_Txn_Testdata -->
  <testcase name="QC_Sprint_B20_154_17_Txn_Testdata" time="0.0" classname="tests.QCStore">
    <ignored/>
  </testcase> <!-- QC_Sprint_B20_154_17_Txn_Testdata -->
  <testcase name="QC_Sprint_B20_153_4_Txn_Testdata" time="0.0" classname="tests.QCStore">
    <ignored/>
  </testcase> <!-- QC_Sprint_B20_153_4_Txn_Testdata -->
  <testcase name="QC_Sprint_B20_154_1_Txn_Testdata" time="0.0" classname="tests.QCStore">
    <ignored/>
  </testcase> <!-- QC_Sprint_B20_154_1_Txn_Testdata -->
  <testcase name="QC_Sprint_B20_153_6_Txn_Testdata" time="0.0" classname="tests.QCStore">
    <ignored/>
  </testcase> <!-- QC_Sprint_B20_153_6_Txn_Testdata -->
  <testcase name="QC_Sprint_B20_179_3_Txn_Testdata" time="0.0" classname="tests.QCStore">
    <ignored/>
  </testcase> <!-- QC_Sprint_B20_179_3_Txn_Testdata -->
</testsuite> <!-- Test -->
