<?xml version="1.0" encoding="UTF-8"?>
<!-- Generated by org.testng.reporters.JUnitXMLReporter -->
<testsuite hostname="QTLSYS0-225" ignored="34" name="Test" tests="1" failures="0" timestamp="30 Apr 2020 20:45:39 GMT" time="271.545" errors="0">
  <testcase name="TLP_RefinanceStepDown" time="269.696" classname="tests.QCStore"/>
  <testcase name="JQC_TLP_GraceDays_Deposit_Menu_Txn" time="0.0" classname="tests.QCStore">
    <ignored/>
  </testcase> <!-- JQC_TLP_GraceDays_Deposit_Menu_Txn -->
  <testcase name="TLP_agerescind" time="0.0" classname="tests.QCStore">
    <ignored/>
  </testcase> <!-- TLP_agerescind -->
  <testcase name="QC_PayAnyotherAmount_Void_Txn" time="0.0" classname="tests.QCStore">
    <ignored/>
  </testcase> <!-- QC_PayAnyotherAmount_Void_Txn -->
  <testcase name="JQC_TLP_Deceased_Txn" time="0.0" classname="tests.QCStore">
    <ignored/>
  </testcase> <!-- JQC_TLP_Deceased_Txn -->
  <testcase name="QC_TLP_Buyback_Void_Txn" time="0.0" classname="tests.QCStore">
    <ignored/>
  </testcase> <!-- QC_TLP_Buyback_Void_Txn -->
  <testcase name="QC_AgeStore_Void_Txn" time="0.0" classname="tests.QCStore">
    <ignored/>
  </testcase> <!-- QC_AgeStore_Void_Txn -->
  <testcase name="QC_TLP_Buyback_Txn" time="0.0" classname="tests.QCStore">
    <ignored/>
  </testcase> <!-- QC_TLP_Buyback_Txn -->
  <testcase name="TLP_bankruptcyWriteOff" time="0.0" classname="tests.QCStore">
    <ignored/>
  </testcase> <!-- TLP_bankruptcyWriteOff -->
  <testcase name="newLoan" time="0.0" classname="tests.QCStore">
    <ignored/>
  </testcase> <!-- newLoan -->
  <testcase name="QC_PayAnyotherAmount_Txn" time="0.0" classname="tests.QCStore">
    <ignored/>
  </testcase> <!-- QC_PayAnyotherAmount_Txn -->
  <testcase name="TLP_RefinanceStepSame" time="0.0" classname="tests.QCStore">
    <ignored/>
  </testcase> <!-- TLP_RefinanceStepSame -->
  <testcase name="QC_NewLoan_Void_Txn" time="0.0" classname="tests.QCStore">
    <ignored/>
  </testcase> <!-- QC_NewLoan_Void_Txn -->
  <testcase name="JQC_TLP_Deposit_dropdown_Txn" time="0.0" classname="tests.QCStore">
    <ignored/>
  </testcase> <!-- JQC_TLP_Deposit_dropdown_Txn -->
  <testcase name="JQC_TLP_Deposit_MidDay_Txn" time="0.0" classname="tests.QCStore">
    <ignored/>
  </testcase> <!-- JQC_TLP_Deposit_MidDay_Txn -->
  <testcase name="JQC_DefaultPayment_Txn_Testdata" time="0.0" classname="tests.QCStore">
    <ignored/>
  </testcase> <!-- JQC_DefaultPayment_Txn_Testdata -->
  <testcase name="TLP_ProcessClearFromMenu" time="0.0" classname="tests.QCStore">
    <ignored/>
  </testcase> <!-- TLP_ProcessClearFromMenu -->
  <testcase name="JQC_TLP_Deposit_EOD_Txn" time="0.0" classname="tests.QCStore">
    <ignored/>
  </testcase> <!-- JQC_TLP_Deposit_EOD_Txn -->
  <testcase name="QC_TLP_NewLoan_Txn" time="0.0" classname="tests.QCStore">
    <ignored/>
  </testcase> <!-- QC_TLP_NewLoan_Txn -->
  <testcase name="JQC_TLP_GraceDays_Deposit_MidDay_Txn" time="0.0" classname="tests.QCStore">
    <ignored/>
  </testcase> <!-- JQC_TLP_GraceDays_Deposit_MidDay_Txn -->
  <testcase name="TLP_RefinanceStepSame_Void" time="0.0" classname="tests.QCStore">
    <ignored/>
  </testcase> <!-- TLP_RefinanceStepSame_Void -->
  <testcase name="QC_TLP_Writeoff_Recovery_Txn" time="0.0" classname="tests.QCStore">
    <ignored/>
  </testcase> <!-- QC_TLP_Writeoff_Recovery_Txn -->
  <testcase name="TLP_rescindloan" time="0.0" classname="tests.QCStore">
    <ignored/>
  </testcase> <!-- TLP_rescindloan -->
  <testcase name="QC_NewLoan_Promotion_Txn" time="0.0" classname="tests.QCStore">
    <ignored/>
  </testcase> <!-- QC_NewLoan_Promotion_Txn -->
  <testcase name="QC_Installmentpayment_Txn" time="0.0" classname="tests.QCStore">
    <ignored/>
  </testcase> <!-- QC_Installmentpayment_Txn -->
  <testcase name="TLP_bankruptcyDismiss" time="0.0" classname="tests.QCStore">
    <ignored/>
  </testcase> <!-- TLP_bankruptcyDismiss -->
  <testcase name="JQC_TLP_GraceDays_Deposit_EOD_Txn" time="0.0" classname="tests.QCStore">
    <ignored/>
  </testcase> <!-- JQC_TLP_GraceDays_Deposit_EOD_Txn -->
  <testcase name="JQC_TLP_GraceDays_Deposit_dropdown_Txn" time="0.0" classname="tests.QCStore">
    <ignored/>
  </testcase> <!-- JQC_TLP_GraceDays_Deposit_dropdown_Txn -->
  <testcase name="JQC_TLP_Deposit_Menu_Txn" time="0.0" classname="tests.QCStore">
    <ignored/>
  </testcase> <!-- JQC_TLP_Deposit_Menu_Txn -->
  <testcase name="QC_Installmentpayment_Void_Txn" time="0.0" classname="tests.QCStore">
    <ignored/>
  </testcase> <!-- QC_Installmentpayment_Void_Txn -->
  <testcase name="TLP_RefinanceStepDownVoid" time="0.0" classname="tests.QCStore">
    <ignored/>
  </testcase> <!-- TLP_RefinanceStepDownVoid -->
  <testcase name="QC_TLP_Writeoff_Recovery_Void_Txn" time="0.0" classname="tests.QCStore">
    <ignored/>
  </testcase> <!-- QC_TLP_Writeoff_Recovery_Void_Txn -->
  <testcase name="TLP_ProcessClear" time="0.0" classname="tests.QCStore">
    <ignored/>
  </testcase> <!-- TLP_ProcessClear -->
  <testcase name="JQC_DefaultPayment_Void_Txn_Testdata" time="0.0" classname="tests.QCStore">
    <ignored/>
  </testcase> <!-- JQC_DefaultPayment_Void_Txn_Testdata -->
  <testcase name="TLP_ProcessAutoClear" time="0.0" classname="tests.QCStore">
    <ignored/>
  </testcase> <!-- TLP_ProcessAutoClear -->
</testsuite> <!-- Test -->
