<?xml version="1.0" encoding="UTF-8"?>
<testng-results skipped="0" failed="0" ignored="20" total="24" passed="4">
  <reporter-output>
  </reporter-output>
  <suite name="Suite" duration-ms="3425184" started-at="2020-06-11T12:43:45Z" finished-at="2020-06-11T13:40:50Z">
    <groups>
      <group name="Ratikanta_LOC_Accounting_1">
        <method signature="QCStore.QC_LOC_Payment_Default_DefaultPayment_Repo_RefinanceWithDisb_Txn_Testdata()[pri:23, instance:tests.QCStore@56235b8e]" name="QC_LOC_Payment_Default_DefaultPayment_Repo_RefinanceWithDisb_Txn_Testdata" class="tests.QCStore"/>
        <method signature="QCStore.QC_LOC_Payment_Default_Repo_RefinanceWithDisb_Txn_Testdata()[pri:22, instance:tests.QCStore@56235b8e]" name="QC_LOC_Payment_Default_Repo_RefinanceWithDisb_Txn_Testdata" class="tests.QCStore"/>
        <method signature="QCStore.QC_LOC_Payment_Default_Repo_Refinance_Txn_Testdata()[pri:21, instance:tests.QCStore@56235b8e]" name="QC_LOC_Payment_Default_Repo_Refinance_Txn_Testdata" class="tests.QCStore"/>
        <method signature="QCStore.QC_LOC_SignatureLoan_Runtwostatements_WaiveFee_CheckWaiveFeein2997Store_Txn_Testdata()[pri:24, instance:tests.QCStore@56235b8e]" name="QC_LOC_SignatureLoan_Runtwostatements_WaiveFee_CheckWaiveFeein2997Store_Txn_Testdata" class="tests.QCStore"/>
      </group> <!-- Ratikanta_LOC_Accounting_1 -->
    </groups>
    <test name="Test" duration-ms="3425184" started-at="2020-06-11T12:43:45Z" finished-at="2020-06-11T13:40:50Z">
      <class name="tests.QCStore">
        <test-method status="PASS" signature="setup()[pri:0, instance:tests.QCStore@56235b8e]" name="setup" is-config="true" duration-ms="84" started-at="2020-06-11T12:43:45Z" finished-at="2020-06-11T12:43:45Z">
          <reporter-output>
          </reporter-output>
        </test-method> <!-- setup -->
        <test-method status="PASS" signature="killProcess()[pri:0, instance:tests.QCStore@56235b8e]" name="killProcess" is-config="true" duration-ms="5001" started-at="2020-06-11T12:43:45Z" finished-at="2020-06-11T12:43:50Z">
          <reporter-output>
          </reporter-output>
        </test-method> <!-- killProcess -->
        <test-method status="PASS" signature="QC_LOC_Payment_Default_Repo_Refinance_Txn_Testdata()[pri:21, instance:tests.QCStore@56235b8e]" name="QC_LOC_Payment_Default_Repo_Refinance_Txn_Testdata" duration-ms="1249314" started-at="2020-06-11T12:43:50Z" finished-at="2020-06-11T13:04:39Z">
          <reporter-output>
          </reporter-output>
        </test-method> <!-- QC_LOC_Payment_Default_Repo_Refinance_Txn_Testdata -->
        <test-method status="PASS" signature="getResult(org.testng.ITestResult)[pri:0, instance:tests.QCStore@56235b8e]" name="getResult" is-config="true" duration-ms="699" started-at="2020-06-11T13:04:39Z" finished-at="2020-06-11T13:04:40Z">
          <params>
            <param index="0">
              <value>
                <![CDATA[[TestResult name=QC_LOC_Payment_Default_Repo_Refinance_Txn_Testdata status=SUCCESS method=QCStore.QC_LOC_Payment_Default_Repo_Refinance_Txn_Testdata()[pri:21, instance:tests.QCStore@56235b8e] output={null}]]]>
              </value>
            </param>
          </params>
          <reporter-output>
          </reporter-output>
        </test-method> <!-- getResult -->
        <test-method status="PASS" signature="endReport()[pri:0, instance:tests.QCStore@56235b8e]" name="endReport" is-config="true" duration-ms="0" started-at="2020-06-11T13:04:39Z" finished-at="2020-06-11T13:04:39Z">
          <reporter-output>
          </reporter-output>
        </test-method> <!-- endReport -->
        <test-method status="PASS" signature="killProcess()[pri:0, instance:tests.QCStore@56235b8e]" name="killProcess" is-config="true" duration-ms="5000" started-at="2020-06-11T13:04:40Z" finished-at="2020-06-11T13:04:45Z">
          <reporter-output>
          </reporter-output>
        </test-method> <!-- killProcess -->
        <test-method status="PASS" signature="QC_LOC_Payment_Default_Repo_RefinanceWithDisb_Txn_Testdata()[pri:22, instance:tests.QCStore@56235b8e]" name="QC_LOC_Payment_Default_Repo_RefinanceWithDisb_Txn_Testdata" duration-ms="178654" started-at="2020-06-11T13:04:45Z" finished-at="2020-06-11T13:07:43Z">
          <reporter-output>
          </reporter-output>
        </test-method> <!-- QC_LOC_Payment_Default_Repo_RefinanceWithDisb_Txn_Testdata -->
        <test-method status="PASS" signature="getResult(org.testng.ITestResult)[pri:0, instance:tests.QCStore@56235b8e]" name="getResult" is-config="true" duration-ms="652" started-at="2020-06-11T13:07:43Z" finished-at="2020-06-11T13:07:44Z">
          <params>
            <param index="0">
              <value>
                <![CDATA[[TestResult name=QC_LOC_Payment_Default_Repo_RefinanceWithDisb_Txn_Testdata status=SUCCESS method=QCStore.QC_LOC_Payment_Default_Repo_RefinanceWithDisb_Txn_Testdata()[pri:22, instance:tests.QCStore@56235b8e] output={null}]]]>
              </value>
            </param>
          </params>
          <reporter-output>
          </reporter-output>
        </test-method> <!-- getResult -->
        <test-method status="PASS" signature="endReport()[pri:0, instance:tests.QCStore@56235b8e]" name="endReport" is-config="true" duration-ms="0" started-at="2020-06-11T13:07:43Z" finished-at="2020-06-11T13:07:43Z">
          <reporter-output>
          </reporter-output>
        </test-method> <!-- endReport -->
        <test-method status="PASS" signature="killProcess()[pri:0, instance:tests.QCStore@56235b8e]" name="killProcess" is-config="true" duration-ms="5000" started-at="2020-06-11T13:07:44Z" finished-at="2020-06-11T13:07:49Z">
          <reporter-output>
          </reporter-output>
        </test-method> <!-- killProcess -->
        <test-method status="PASS" signature="QC_LOC_Payment_Default_DefaultPayment_Repo_RefinanceWithDisb_Txn_Testdata()[pri:23, instance:tests.QCStore@56235b8e]" name="QC_LOC_Payment_Default_DefaultPayment_Repo_RefinanceWithDisb_Txn_Testdata" duration-ms="1298742" started-at="2020-06-11T13:07:49Z" finished-at="2020-06-11T13:29:28Z">
          <reporter-output>
          </reporter-output>
        </test-method> <!-- QC_LOC_Payment_Default_DefaultPayment_Repo_RefinanceWithDisb_Txn_Testdata -->
        <test-method status="PASS" signature="endReport()[pri:0, instance:tests.QCStore@56235b8e]" name="endReport" is-config="true" duration-ms="0" started-at="2020-06-11T13:29:28Z" finished-at="2020-06-11T13:29:28Z">
          <reporter-output>
          </reporter-output>
        </test-method> <!-- endReport -->
        <test-method status="PASS" signature="getResult(org.testng.ITestResult)[pri:0, instance:tests.QCStore@56235b8e]" name="getResult" is-config="true" duration-ms="548" started-at="2020-06-11T13:29:28Z" finished-at="2020-06-11T13:29:28Z">
          <params>
            <param index="0">
              <value>
                <![CDATA[[TestResult name=QC_LOC_Payment_Default_DefaultPayment_Repo_RefinanceWithDisb_Txn_Testdata status=SUCCESS method=QCStore.QC_LOC_Payment_Default_DefaultPayment_Repo_RefinanceWithDisb_Txn_Testdata()[pri:23, instance:tests.QCStore@56235b8e] output={null}]]]>
              </value>
            </param>
          </params>
          <reporter-output>
          </reporter-output>
        </test-method> <!-- getResult -->
        <test-method status="PASS" signature="killProcess()[pri:0, instance:tests.QCStore@56235b8e]" name="killProcess" is-config="true" duration-ms="5001" started-at="2020-06-11T13:29:28Z" finished-at="2020-06-11T13:29:33Z">
          <reporter-output>
          </reporter-output>
        </test-method> <!-- killProcess -->
        <test-method status="PASS" signature="QC_LOC_SignatureLoan_Runtwostatements_WaiveFee_CheckWaiveFeein2997Store_Txn_Testdata()[pri:24, instance:tests.QCStore@56235b8e]" name="QC_LOC_SignatureLoan_Runtwostatements_WaiveFee_CheckWaiveFeein2997Store_Txn_Testdata" duration-ms="675911" started-at="2020-06-11T13:29:33Z" finished-at="2020-06-11T13:40:49Z">
          <reporter-output>
          </reporter-output>
        </test-method> <!-- QC_LOC_SignatureLoan_Runtwostatements_WaiveFee_CheckWaiveFeein2997Store_Txn_Testdata -->
        <test-method status="PASS" signature="endReport()[pri:0, instance:tests.QCStore@56235b8e]" name="endReport" is-config="true" duration-ms="0" started-at="2020-06-11T13:40:49Z" finished-at="2020-06-11T13:40:49Z">
          <reporter-output>
          </reporter-output>
        </test-method> <!-- endReport -->
        <test-method status="PASS" signature="getResult(org.testng.ITestResult)[pri:0, instance:tests.QCStore@56235b8e]" name="getResult" is-config="true" duration-ms="553" started-at="2020-06-11T13:40:49Z" finished-at="2020-06-11T13:40:50Z">
          <params>
            <param index="0">
              <value>
                <![CDATA[[TestResult name=QC_LOC_SignatureLoan_Runtwostatements_WaiveFee_CheckWaiveFeein2997Store_Txn_Testdata status=SUCCESS method=QCStore.QC_LOC_SignatureLoan_Runtwostatements_WaiveFee_CheckWaiveFeein2997Store_Txn_Testdata()[pri:24, instance:tests.QCStore@56235b8e] output={null}]]]>
              </value>
            </param>
          </params>
          <reporter-output>
          </reporter-output>
        </test-method> <!-- getResult -->
      </class> <!-- tests.QCStore -->
    </test> <!-- Test -->
  </suite> <!-- Suite -->
</testng-results>
