<?xml version="1.0" encoding="UTF-8"?>
<testng-results skipped="0" failed="0" ignored="0" total="1" passed="1">
  <reporter-output>
  </reporter-output>
  <suite name="Suite" duration-ms="198799" started-at="2019-07-31T10:19:30Z" finished-at="2019-07-31T10:22:49Z">
    <groups>
      <group name="Ratikanta_PDL_Accounting">
        <method signature="QCStore.QC_Accounting_Refinance_MDefault_PaymentReturn_LateFee_ReturnPaymentFull_Txn_Testdata()[pri:1, instance:tests.QCStore@6fc6f14e]" name="QC_Accounting_Refinance_MDefault_PaymentReturn_LateFee_ReturnPaymentFull_Txn_Testdata" class="tests.QCStore"/>
      </group> <!-- Ratikanta_PDL_Accounting -->
    </groups>
    <test name="Test" duration-ms="198799" started-at="2019-07-31T10:19:30Z" finished-at="2019-07-31T10:22:49Z">
      <class name="tests.QCStore">
        <test-method status="PASS" signature="setup()[pri:0, instance:tests.QCStore@6fc6f14e]" name="setup" is-config="true" duration-ms="113" started-at="2019-07-31T10:19:30Z" finished-at="2019-07-31T10:19:30Z">
          <reporter-output>
          </reporter-output>
        </test-method> <!-- setup -->
        <test-method status="PASS" signature="killProcess()[pri:0, instance:tests.QCStore@6fc6f14e]" name="killProcess" is-config="true" duration-ms="5002" started-at="2019-07-31T10:19:30Z" finished-at="2019-07-31T10:19:35Z">
          <reporter-output>
          </reporter-output>
        </test-method> <!-- killProcess -->
        <test-method status="PASS" signature="QC_Accounting_Refinance_MDefault_PaymentReturn_LateFee_ReturnPaymentFull_Txn_Testdata()[pri:1, instance:tests.QCStore@6fc6f14e]" name="QC_Accounting_Refinance_MDefault_PaymentReturn_LateFee_ReturnPaymentFull_Txn_Testdata" duration-ms="192814" started-at="2019-07-31T10:19:35Z" finished-at="2019-07-31T10:22:48Z">
          <reporter-output>
          </reporter-output>
        </test-method> <!-- QC_Accounting_Refinance_MDefault_PaymentReturn_LateFee_ReturnPaymentFull_Txn_Testdata -->
        <test-method status="PASS" signature="endReport()[pri:0, instance:tests.QCStore@6fc6f14e]" name="endReport" is-config="true" duration-ms="1" started-at="2019-07-31T10:22:48Z" finished-at="2019-07-31T10:22:48Z">
          <reporter-output>
          </reporter-output>
        </test-method> <!-- endReport -->
        <test-method status="PASS" signature="getResult(org.testng.ITestResult)[pri:0, instance:tests.QCStore@6fc6f14e]" name="getResult" is-config="true" duration-ms="850" started-at="2019-07-31T10:22:48Z" finished-at="2019-07-31T10:22:49Z">
          <params>
            <param index="0">
              <value>
                <![CDATA[[TestResult name=QC_Accounting_Refinance_MDefault_PaymentReturn_LateFee_ReturnPaymentFull_Txn_Testdata status=SUCCESS method=QCStore.QC_Accounting_Refinance_MDefault_PaymentReturn_LateFee_ReturnPaymentFull_Txn_Testdata()[pri:1, instance:tests.QCStore@6fc6f14e] output={null}]]]>
              </value>
            </param>
          </params>
          <reporter-output>
          </reporter-output>
        </test-method> <!-- getResult -->
      </class> <!-- tests.QCStore -->
    </test> <!-- Test -->
  </suite> <!-- Suite -->
</testng-results>
