<?xml version="1.0" encoding="UTF-8"?>
<testng-results skipped="0" failed="0" ignored="6" total="7" passed="1">
  <reporter-output>
  </reporter-output>
  <suite name="Suite" duration-ms="1533041" started-at="2020-06-12T07:22:22Z" finished-at="2020-06-12T07:47:55Z">
    <groups>
      <group name="Ratikanta_Conversion_1">
        <method signature="QCStore.QC_ILPDefault_Loan_PDLReturn_Loan_Trying_To_Apply_Conversion_BySelecting_BothLoan_Txn_Testdata()[pri:3, instance:tests.QCStore@6fc6f14e]" name="QC_ILPDefault_Loan_PDLReturn_Loan_Trying_To_Apply_Conversion_BySelecting_BothLoan_Txn_Testdata" class="tests.QCStore"/>
      </group> <!-- Ratikanta_Conversion_1 -->
    </groups>
    <test name="Test" duration-ms="1533041" started-at="2020-06-12T07:22:22Z" finished-at="2020-06-12T07:47:55Z">
      <class name="tests.QCStore">
        <test-method status="PASS" signature="setup()[pri:0, instance:tests.QCStore@6fc6f14e]" name="setup" is-config="true" duration-ms="86" started-at="2020-06-12T07:22:22Z" finished-at="2020-06-12T07:22:22Z">
          <reporter-output>
          </reporter-output>
        </test-method> <!-- setup -->
        <test-method status="PASS" signature="killProcess()[pri:0, instance:tests.QCStore@6fc6f14e]" name="killProcess" is-config="true" duration-ms="5017" started-at="2020-06-12T07:22:22Z" finished-at="2020-06-12T07:22:27Z">
          <reporter-output>
          </reporter-output>
        </test-method> <!-- killProcess -->
        <test-method status="PASS" signature="QC_ILPDefault_Loan_PDLReturn_Loan_Trying_To_Apply_Conversion_BySelecting_BothLoan_Txn_Testdata()[pri:3, instance:tests.QCStore@6fc6f14e]" name="QC_ILPDefault_Loan_PDLReturn_Loan_Trying_To_Apply_Conversion_BySelecting_BothLoan_Txn_Testdata" duration-ms="1527120" started-at="2020-06-12T07:22:27Z" finished-at="2020-06-12T07:47:54Z">
          <reporter-output>
          </reporter-output>
        </test-method> <!-- QC_ILPDefault_Loan_PDLReturn_Loan_Trying_To_Apply_Conversion_BySelecting_BothLoan_Txn_Testdata -->
        <test-method status="PASS" signature="getResult(org.testng.ITestResult)[pri:0, instance:tests.QCStore@6fc6f14e]" name="getResult" is-config="true" duration-ms="806" started-at="2020-06-12T07:47:54Z" finished-at="2020-06-12T07:47:55Z">
          <params>
            <param index="0">
              <value>
                <![CDATA[[TestResult name=QC_ILPDefault_Loan_PDLReturn_Loan_Trying_To_Apply_Conversion_BySelecting_BothLoan_Txn_Testdata status=SUCCESS method=QCStore.QC_ILPDefault_Loan_PDLReturn_Loan_Trying_To_Apply_Conversion_BySelecting_BothLoan_Txn_Testdata()[pri:3, instance:tests.QCStore@6fc6f14e] output={null}]]]>
              </value>
            </param>
          </params>
          <reporter-output>
          </reporter-output>
        </test-method> <!-- getResult -->
      </class> <!-- tests.QCStore -->
    </test> <!-- Test -->
  </suite> <!-- Suite -->
</testng-results>
