<?xml version="1.0" encoding="UTF-8"?>
<testng-results skipped="0" failed="0" ignored="76" total="77" passed="1">
  <reporter-output>
  </reporter-output>
  <suite name="Suite" duration-ms="292521" started-at="2019-06-04T09:50:51Z" finished-at="2019-06-04T09:55:44Z">
    <groups>
      <group name="Janaki">
        <method signature="QCStore.JQC_AgeStore_Deposit_PrePayment_Txn()[pri:0, instance:tests.QCStore@5f9d02cb]" name="JQC_AgeStore_Deposit_PrePayment_Txn" class="tests.QCStore"/>
      </group> <!-- Janaki -->
    </groups>
    <test name="Test" duration-ms="292521" started-at="2019-06-04T09:50:51Z" finished-at="2019-06-04T09:55:44Z">
      <class name="tests.QCStore">
        <test-method status="PASS" signature="setup()[pri:0, instance:tests.QCStore@5f9d02cb]" name="setup" is-config="true" duration-ms="105" started-at="2019-06-04T09:50:51Z" finished-at="2019-06-04T09:50:51Z">
          <reporter-output>
          </reporter-output>
        </test-method> <!-- setup -->
        <test-method status="PASS" signature="killProcess()[pri:0, instance:tests.QCStore@5f9d02cb]" name="killProcess" is-config="true" duration-ms="5006" started-at="2019-06-04T09:50:51Z" finished-at="2019-06-04T09:50:56Z">
          <reporter-output>
          </reporter-output>
        </test-method> <!-- killProcess -->
        <test-method status="PASS" signature="JQC_AgeStore_Deposit_PrePayment_Txn()[pri:0, instance:tests.QCStore@5f9d02cb]" name="JQC_AgeStore_Deposit_PrePayment_Txn" duration-ms="286643" started-at="2019-06-04T09:50:56Z" finished-at="2019-06-04T09:55:43Z">
          <reporter-output>
          </reporter-output>
        </test-method> <!-- JQC_AgeStore_Deposit_PrePayment_Txn -->
        <test-method status="PASS" signature="getResult(org.testng.ITestResult)[pri:0, instance:tests.QCStore@5f9d02cb]" name="getResult" is-config="true" duration-ms="750" started-at="2019-06-04T09:55:43Z" finished-at="2019-06-04T09:55:44Z">
          <params>
            <param index="0">
              <value>
                <![CDATA[[TestResult name=JQC_AgeStore_Deposit_PrePayment_Txn status=SUCCESS method=QCStore.JQC_AgeStore_Deposit_PrePayment_Txn()[pri:0, instance:tests.QCStore@5f9d02cb] output={null}]]]>
              </value>
            </param>
          </params>
          <reporter-output>
          </reporter-output>
        </test-method> <!-- getResult -->
      </class> <!-- tests.QCStore -->
    </test> <!-- Test -->
  </suite> <!-- Suite -->
</testng-results>
